<?xml version="1.0" encoding="UTF-8"?>
<!-- Generated by org.testng.reporters.JUnitReportReporter -->
<testsuite skipped="0" hostname="DESKTOP-6QUM1LC" name="com.makeMyTrip.qa.testCases.HomePageTestCase" tests="1" failures="0" timestamp="09 Sep 2019 15:51:51 GMT" time="31.178" errors="0">
  <testcase name="Search" time="31.178" classname="com.makeMyTrip.qa.testCases.HomePageTestCase"/>
</testsuite> <!-- com.makeMyTrip.qa.testCases.HomePageTestCase -->
